<?xml version="1.0" encoding="UTF-8"?>
<!-- Generated by org.testng.reporters.JUnitXMLReporter -->
<testsuite hostname="LAPTOP-1G2O48G9" ignored="0" name="Test" tests="4" failures="1" timestamp="2019-11-23T07:58:03 EST" time="59.23" errors="0">
  <testcase name="VerifyLogin" time="1.208" classname="banking.Testcase001_VerifyLogin">
    <failure type="java.lang.AssertionError" message="expected [Zero - Account Summary] but found [Zero - Log in]">
      <![CDATA[java.lang.AssertionError: expected [Zero - Account Summary] but found [Zero - Log in]
at banking.Testcase001_VerifyLogin.VerifyLogin(Testcase001_VerifyLogin.java:39)
at java.util.ArrayList.forEach(ArrayList.java:1257)
... Removed 32 stack frames]]>
    </failure>
  </testcase> <!-- VerifyLogin -->
  <testcase name="f" time="7.08" classname="banking.Testcase002_AddPayee"/>
  <testcase name="f" time="2.475" classname="banking.Testcase004_ForeignExchange"/>
  <testcase name="transferfunds" time="2.156" classname="banking.Testcase003_Transferfund"/>
</testsuite> <!-- Test -->
