<?xml version="1.0" encoding="UTF-8"?>
<testng-results skipped="0" failed="1" ignored="0" total="4" passed="3">
  <reporter-output>
  </reporter-output>
  <suite name="Suite" duration-ms="59230" started-at="2019-11-23T07:57:03 EST" finished-at="2019-11-23T07:58:03 EST">
    <groups>
    </groups>
    <test name="Test" duration-ms="59230" started-at="2019-11-23T07:57:03 EST" finished-at="2019-11-23T07:58:03 EST">
      <class name="banking.Testcase003_Transferfund">
        <test-method status="PASS" signature="beforeMethod()[pri:0, instance:banking.Testcase003_Transferfund@43814d18]" name="beforeMethod" is-config="true" duration-ms="6484" started-at="2019-11-23T07:57:48 EST" finished-at="2019-11-23T07:57:54 EST">
          <reporter-output>
          </reporter-output>
        </test-method> <!-- beforeMethod -->
        <test-method status="PASS" signature="transferfunds()[pri:0, instance:banking.Testcase003_Transferfund@43814d18]" name="transferfunds" duration-ms="2156" started-at="2019-11-23T07:57:54 EST" finished-at="2019-11-23T07:57:57 EST">
          <reporter-output>
          </reporter-output>
        </test-method> <!-- transferfunds -->
        <test-method status="PASS" signature="teardownmethod()[pri:0, instance:banking.Testcase003_Transferfund@43814d18]" name="teardownmethod" is-config="true" duration-ms="5974" started-at="2019-11-23T07:57:57 EST" finished-at="2019-11-23T07:58:03 EST">
          <reporter-output>
          </reporter-output>
        </test-method> <!-- teardownmethod -->
      </class> <!-- banking.Testcase003_Transferfund -->
      <class name="banking.Testcase004_ForeignExchange">
        <test-method status="PASS" signature="beforeMethod()[pri:0, instance:banking.Testcase004_ForeignExchange@610694f1]" name="beforeMethod" is-config="true" duration-ms="7931" started-at="2019-11-23T07:57:34 EST" finished-at="2019-11-23T07:57:41 EST">
          <reporter-output>
          </reporter-output>
        </test-method> <!-- beforeMethod -->
        <test-method status="PASS" signature="f()[pri:0, instance:banking.Testcase004_ForeignExchange@610694f1]" name="f" duration-ms="2475" started-at="2019-11-23T07:57:41 EST" finished-at="2019-11-23T07:57:44 EST">
          <reporter-output>
          </reporter-output>
        </test-method> <!-- f -->
        <test-method status="PASS" signature="teardownmethod()[pri:0, instance:banking.Testcase004_ForeignExchange@610694f1]" name="teardownmethod" is-config="true" duration-ms="3992" started-at="2019-11-23T07:57:44 EST" finished-at="2019-11-23T07:57:48 EST">
          <reporter-output>
          </reporter-output>
        </test-method> <!-- teardownmethod -->
      </class> <!-- banking.Testcase004_ForeignExchange -->
      <class name="banking.Testcase001_VerifyLogin">
        <test-method status="PASS" signature="setup()[pri:0, instance:banking.Testcase001_VerifyLogin@3dd4520b]" name="setup" is-config="true" duration-ms="7305" started-at="2019-11-23T07:57:03 EST" finished-at="2019-11-23T07:57:11 EST">
          <reporter-output>
          </reporter-output>
        </test-method> <!-- setup -->
        <test-method status="FAIL" signature="VerifyLogin()[pri:0, instance:banking.Testcase001_VerifyLogin@3dd4520b]" name="VerifyLogin" duration-ms="1208" started-at="2019-11-23T07:57:11 EST" finished-at="2019-11-23T07:57:12 EST">
          <exception class="java.lang.AssertionError">
            <message>
              <![CDATA[expected [Zero - Account Summary] but found [Zero - Log in]]]>
            </message>
            <full-stacktrace>
              <![CDATA[java.lang.AssertionError: expected [Zero - Account Summary] but found [Zero - Log in]
at org.testng.Assert.fail(Assert.java:97)
at org.testng.Assert.assertEqualsImpl(Assert.java:136)
at org.testng.Assert.assertEquals(Assert.java:118)
at org.testng.Assert.assertEquals(Assert.java:575)
at org.testng.Assert.assertEquals(Assert.java:585)
at banking.Testcase001_VerifyLogin.VerifyLogin(Testcase001_VerifyLogin.java:39)
at sun.reflect.NativeMethodAccessorImpl.invoke0(Native Method)
at sun.reflect.NativeMethodAccessorImpl.invoke(NativeMethodAccessorImpl.java:62)
at sun.reflect.DelegatingMethodAccessorImpl.invoke(DelegatingMethodAccessorImpl.java:43)
at java.lang.reflect.Method.invoke(Method.java:498)
at org.testng.internal.MethodInvocationHelper.invokeMethod(MethodInvocationHelper.java:133)
at org.testng.internal.TestInvoker.invokeMethod(TestInvoker.java:584)
at org.testng.internal.TestInvoker.invokeTestMethod(TestInvoker.java:172)
at org.testng.internal.MethodRunner.runInSequence(MethodRunner.java:46)
at org.testng.internal.TestInvoker$MethodInvocationAgent.invoke(TestInvoker.java:804)
at org.testng.internal.TestInvoker.invokeTestMethods(TestInvoker.java:145)
at org.testng.internal.TestMethodWorker.invokeTestMethods(TestMethodWorker.java:146)
at org.testng.internal.TestMethodWorker.run(TestMethodWorker.java:128)
at java.util.ArrayList.forEach(ArrayList.java:1257)
at org.testng.TestRunner.privateRun(TestRunner.java:770)
at org.testng.TestRunner.run(TestRunner.java:591)
at org.testng.SuiteRunner.runTest(SuiteRunner.java:402)
at org.testng.SuiteRunner.runSequentially(SuiteRunner.java:396)
at org.testng.SuiteRunner.privateRun(SuiteRunner.java:355)
at org.testng.SuiteRunner.run(SuiteRunner.java:304)
at org.testng.SuiteRunnerWorker.runSuite(SuiteRunnerWorker.java:53)
at org.testng.SuiteRunnerWorker.run(SuiteRunnerWorker.java:96)
at org.testng.TestNG.runSuitesSequentially(TestNG.java:1180)
at org.testng.TestNG.runSuitesLocally(TestNG.java:1102)
at org.testng.TestNG.runSuites(TestNG.java:1032)
at org.testng.TestNG.run(TestNG.java:1000)
at org.testng.remote.AbstractRemoteTestNG.run(AbstractRemoteTestNG.java:115)
at org.testng.remote.RemoteTestNG.initAndRun(RemoteTestNG.java:251)
at org.testng.remote.RemoteTestNG.main(RemoteTestNG.java:77)
]]>
            </full-stacktrace>
          </exception> <!-- java.lang.AssertionError -->
          <reporter-output>
          </reporter-output>
        </test-method> <!-- VerifyLogin -->
        <test-method status="PASS" signature="teardown(org.testng.ITestResult)[pri:0, instance:banking.Testcase001_VerifyLogin@3dd4520b]" name="teardown" is-config="true" duration-ms="1656" started-at="2019-11-23T07:57:12 EST" finished-at="2019-11-23T07:57:14 EST">
          <params>
            <param index="0">
              <value>
                <![CDATA[[TestResult name=VerifyLogin status=FAILURE method=Testcase001_VerifyLogin.VerifyLogin()[pri:0, instance:banking.Testcase001_VerifyLogin@3dd4520b] output={null}]]]>
              </value>
            </param>
          </params>
          <reporter-output>
          </reporter-output>
        </test-method> <!-- teardown -->
      </class> <!-- banking.Testcase001_VerifyLogin -->
      <class name="banking.Testcase002_AddPayee">
        <test-method status="PASS" signature="beforeMethod()[pri:0, instance:banking.Testcase002_AddPayee@5ae63ade]" name="beforeMethod" is-config="true" duration-ms="6924" started-at="2019-11-23T07:57:14 EST" finished-at="2019-11-23T07:57:21 EST">
          <reporter-output>
          </reporter-output>
        </test-method> <!-- beforeMethod -->
        <test-method status="PASS" signature="f()[pri:0, instance:banking.Testcase002_AddPayee@5ae63ade]" name="f" duration-ms="7080" started-at="2019-11-23T07:57:21 EST" finished-at="2019-11-23T07:57:28 EST">
          <reporter-output>
          </reporter-output>
        </test-method> <!-- f -->
        <test-method status="PASS" signature="teardownmethod()[pri:0, instance:banking.Testcase002_AddPayee@5ae63ade]" name="teardownmethod" is-config="true" duration-ms="5961" started-at="2019-11-23T07:57:28 EST" finished-at="2019-11-23T07:57:34 EST">
          <reporter-output>
          </reporter-output>
        </test-method> <!-- teardownmethod -->
      </class> <!-- banking.Testcase002_AddPayee -->
    </test> <!-- Test -->
  </suite> <!-- Suite -->
</testng-results>
